<?xml version="1.0" encoding="UTF-8"?>
<!-- Generated by org.testng.reporters.JUnitReportReporter -->
<testsuite hostname="Puneeths-MacBook-Air.local" failures="0" tests="2" name="TestNG.Testing" time="0.029" errors="0" timestamp="2024-10-31T18:49:20 IST" skipped="0">
  <testcase classname="TestNG.Testing" name="name" time="0.027"/>
  <system-out/>
  <testcase classname="TestNG.Testing" name="age" time="0.002"/>
  <system-out/>
</testsuite> <!-- TestNG.Testing -->
