<?xml version="1.0" encoding="UTF-8"?>
<!-- Generated by org.testng.reporters.JUnitReportReporter -->
<testsuite hostname="MacBookAir.lan" failures="0" tests="3" name="TestNG.SignUpTests" time="0.033" errors="0" timestamp="2024-11-05T12:36:20 IST" skipped="0">
  <testcase classname="TestNG.SignUpTests" name="signUpByEmail" time="0.028"/>
  <system-out/>
  <testcase classname="TestNG.SignUpTests" name="signUpByFaceBook" time="0.003"/>
  <system-out/>
  <testcase classname="TestNG.SignUpTests" name="signUpByTwitter" time="0.002"/>
  <system-out/>
</testsuite> <!-- TestNG.SignUpTests -->
