<?xml version="1.0" encoding="UTF-8"?>
<!-- Generated by org.testng.reporters.JUnitReportReporter -->
<testsuite hostname="Puneeths-MacBook-Air.local" failures="0" tests="2" name="TestNG.FirstTestCase" time="0.024" errors="0" timestamp="2024-11-01T18:13:07 IST" skipped="0">
  <testcase classname="TestNG.FirstTestCase" name="search" time="0.021"/>
  <system-out/>
  <testcase classname="TestNG.FirstTestCase" name="AdvSearch" time="0.003"/>
  <system-out/>
</testsuite> <!-- TestNG.FirstTestCase -->
