<?xml version="1.0" encoding="UTF-8"?>
<!-- Generated by org.testng.reporters.JUnitReportReporter -->
<testsuite hostname="MacBookAir.lan" failures="0" tests="3" name="TestNG.LoginTests" time="0.033" errors="0" timestamp="2024-11-05T12:37:55 IST" skipped="0">
  <testcase classname="TestNG.LoginTests" name="loginByEmail" time="0.026"/>
  <system-out/>
  <testcase classname="TestNG.LoginTests" name="loginByFaceBook" time="0.005"/>
  <system-out/>
  <testcase classname="TestNG.LoginTests" name="loginByTwitter" time="0.002"/>
  <system-out/>
</testsuite> <!-- TestNG.LoginTests -->
