<?xml version="1.0" encoding="UTF-8"?>
<!-- Generated by org.testng.reporters.JUnitReportReporter -->
<testsuite hostname="MacBookAir.lan" failures="0" tests="1" name="TestNG.DataProvider" time="7.188" errors="0" timestamp="2024-11-06T12:01:14 IST" skipped="0">
  <testcase classname="TestNG.DataProvider" name="testlogin" time="7.188"/>
  <system-out/>
</testsuite> <!-- TestNG.DataProvider -->
