<?xml version="1.0" encoding="UTF-8"?>
<!-- Generated by org.testng.reporters.JUnitReportReporter -->
<testsuite hostname="MacBookAir.lan" failures="0" tests="4" name="TestNG.DependencyMethods" time="0.033" errors="0" timestamp="2024-11-05T12:09:40 IST" skipped="0">
  <testcase classname="TestNG.DependencyMethods" name="openapp" time="0.028"/>
  <system-out/>
  <testcase classname="TestNG.DependencyMethods" name="login" time="0.002"/>
  <system-out/>
  <testcase classname="TestNG.DependencyMethods" name="search" time="0.002"/>
  <system-out/>
  <testcase classname="TestNG.DependencyMethods" name="logout" time="0.001"/>
  <system-out/>
</testsuite> <!-- TestNG.DependencyMethods -->
