<?xml version="1.0" encoding="UTF-8"?>
<!-- Generated by org.testng.reporters.JUnitReportReporter -->
<testsuite hostname="MacBookAir.lan" failures="0" tests="2" name="TestNG.PaymentTests" time="0.004" errors="0" timestamp="2024-11-05T12:36:20 IST" skipped="0">
  <testcase classname="TestNG.PaymentTests" name="paymentInRupess" time="0.002"/>
  <system-out/>
  <testcase classname="TestNG.PaymentTests" name="paymentInDollars" time="0.002"/>
  <system-out/>
</testsuite> <!-- TestNG.PaymentTests -->
